This file contains any messages produced by compilers while
running configure, to aid debugging if configure makes a mistake.

It was created by Tramp configure 2.1.17, which was
generated by GNU Autoconf 2.63.  Invocation command line was

  $ ./configure --with-contrib

## --------- ##
## Platform. ##
## --------- ##

hostname = googleee
uname -m = i686
uname -r = 2.6.31-16-generic
uname -s = Linux
uname -v = #53-Ubuntu SMP Tue Dec 8 04:01:29 UTC 2009

/usr/bin/uname -p = unknown
/bin/uname -X     = unknown

/bin/arch              = unknown
/usr/bin/arch -k       = unknown
/usr/convex/getsysinfo = unknown
/usr/bin/hostinfo      = unknown
/bin/machine           = unknown
/usr/bin/oslevel       = unknown
/bin/universe          = unknown

PATH: /usr/local/sbin
PATH: /usr/local/bin
PATH: /usr/sbin
PATH: /usr/bin
PATH: /sbin
PATH: /bin
PATH: /usr/games


## ----------- ##
## Core tests. ##
## ----------- ##

configure:1755: Tramp 2.1.17
configure:1768: checking for gmake
configure:1798: result: no
configure:1768: checking for make
configure:1784: found /usr/bin/make
configure:1795: result: make
configure:1813: checking for reasonable make version
configure:1816: result: ok
configure:1826: checking whether make sets $(MAKE)
configure:1848: result: yes
configure:1930: checking for emacs
configure:1947: found /usr/bin/emacs
configure:1959: result: yes
configure:1974: checking for emacs flavor
emacs --no-site-file -batch -eval (let ((x (if (featurep 'xemacs) "yes" "no"))) (write-region (if (stringp x) (princ x) (prin1-to-string x)) nil "./conftest-16653"))
=> no
configure:2021: result: emacs
configure:2025: checking for emacs gvfs support
emacs --no-site-file -batch -eval (let ((x (if (featurep 'dbusbind) "yes" "no"))) (write-region (if (stringp x) (princ x) (prin1-to-string x)) nil "./conftest-16653"))
=> yes
configure:2068: result: yes
configure:2072: checking for emacs gateway support
emacs --no-site-file -batch -eval (let ((x (if (functionp 'make-network-process) "yes" "no"))) (write-region (if (stringp x) (princ x) (prin1-to-string x)) nil "./conftest-16653"))
=> yes
configure:2115: result: yes
configure:2119: checking for emacs imap support
emacs --no-site-file -batch -eval (let ((x (if (locate-library "imap-hash") "yes" "no"))) (write-region (if (stringp x) (princ x) (prin1-to-string x)) nil "./conftest-16653"))
=> no
configure:2162: result: no
configure:2166: checking for emacs utilities support
emacs --no-site-file -batch -eval (let ((x (if (functionp 'start-file-process) "no" "yes"))) (write-region (if (stringp x) (princ x) (prin1-to-string x)) nil "./conftest-16653"))
=> no
configure:2209: result: no
configure:2225: checking for emacs version
emacs --no-site-file -batch -eval (let ((x (if (or (< emacs-major-version 21)	(and (featurep 'xemacs)	     (= emacs-major-version 21)	     (< emacs-minor-version 4)))    (format "Tramp 2.1.17 is not fit for %s"	    (when (string-match "^.*$" (emacs-version))	      (match-string 0 (emacs-version))))    "ok"))) (write-region (if (stringp x) (princ x) (prin1-to-string x)) nil "./conftest-16653"))
=> ok
configure:2268: result: ok
configure:2286: checking for base64.el
emacs --no-site-file -batch -eval (let ((x (progn (if (featurep 'xemacs) (require 'timer-funcs)) (load "base64.el" t) (fboundp 'base64-encode-region)))) (write-region (if (stringp x) (princ x) (prin1-to-string x)) nil "./conftest-16653"))
=> t
configure:2371: result: ok
configure:2379: checking for format-spec.el
emacs --no-site-file -batch -eval (let ((x (progn (if (featurep 'xemacs) (require 'timer-funcs)) (load "format-spec.el" t) (fboundp 'format-spec)))) (write-region (if (stringp x) (princ x) (prin1-to-string x)) nil "./conftest-16653"))
Loading /usr/share/emacs/23.1/lisp/format-spec.el.gz...
uncompressing format-spec.el.gz...
uncompressing format-spec.el.gz...done
=> t
configure:2464: result: ok
configure:2472: checking for password.el
emacs --no-site-file -batch -eval (let ((x (progn (if (featurep 'xemacs) (require 'timer-funcs)) (load "password.el" t) (fboundp 'password-cache-add)))) (write-region (if (stringp x) (princ x) (prin1-to-string x)) nil "./conftest-16653"))
=> nil
configure:2534: result: linked to contrib directory
configure:2566: checking for socks.el
emacs --no-site-file -batch -eval (let ((x (progn (if (featurep 'xemacs) (require 'timer-funcs)) (load "socks.el" t) (fboundp 'socks-open-network-stream)))) (write-region (if (stringp x) (princ x) (prin1-to-string x)) nil "./conftest-16653"))
Loading /usr/share/emacs/23.1/lisp/net/socks.el.gz...
uncompressing socks.el.gz...
uncompressing socks.el.gz...done
=> t
configure:2651: result: ok
configure:2662: checking for makeinfo
configure:2690: result: no
configure:2699: error: makeinfo not found

## ---------------- ##
## Cache variables. ##
## ---------------- ##

EMACS_cv_SYS_base64_encode_region=t
EMACS_cv_SYS_emacs_version=ok
EMACS_cv_SYS_format_spec=t
EMACS_cv_SYS_gatewayp=yes
EMACS_cv_SYS_gvfsp=yes
EMACS_cv_SYS_imapp=no
EMACS_cv_SYS_password_cache_add=nil
EMACS_cv_SYS_socks_open_network_stream=t
EMACS_cv_SYS_utilsp=no
EMACS_cv_SYS_xemacsp=no
ac_cv_env_build_alias_set=
ac_cv_env_build_alias_value=
ac_cv_env_host_alias_set=
ac_cv_env_host_alias_value=
ac_cv_env_target_alias_set=
ac_cv_env_target_alias_value=
ac_cv_prog_EMACS_test_emacs=yes
ac_cv_prog_MAKE=make
ac_cv_prog_MAKEINFO=no
ac_cv_prog_make_make_set=yes

## ----------------- ##
## Output variables. ##
## ----------------- ##

DEFS=''
ECHO_C=''
ECHO_N='-n'
ECHO_T=''
EMACS='emacs'
EMACS_GVFS='yes'
EMACS_GW='yes'
EMACS_IMAP='no'
EMACS_INFO='emacs'
EMACS_UTILS='no'
EMACS_test_emacs='yes'
FTP_UPLOAD=''
INSTALL_CHAPTER=''
INSTALL_INFO=''
JA_MANUAL=''
LIBOBJS=''
LIBS=''
LTLIBOBJS=''
MAKE='make'
MAKEINFO='no'
PACKAGE_BUGREPORT='tramp-devel@gnu.org'
PACKAGE_NAME='Tramp'
PACKAGE_STRING='Tramp 2.1.17'
PACKAGE_TARNAME='tramp'
PACKAGE_VERSION='2.1.17'
PATH_SEPARATOR=':'
SET_MAKE=''
SHELL='/bin/bash'
TEXI2DVI=''
TRAMP_CLEAN_FILES=''
TRAMP_CONFIG_FILES=''
TRAMP_CONTRIB_FILES='password.el '
TRAMP_EMACS_MERGE_VERSION='2.1.16'
TRAMP_EMACS_VERSION_CHECK='(if (or (< emacs-major-version 21)	(and (featurep '\''xemacs)	     (= emacs-major-version 21)	     (< emacs-minor-version 4)))    (format "Tramp 2.1.17 is not fit for %s"	    (when (string-match "^.*$" (emacs-version))	      (match-string 0 (emacs-version))))    "ok")'
bindir='${exec_prefix}/bin'
build_alias=''
datadir='${datarootdir}'
datadir_default=''
datarootdir='${prefix}/share'
datarootdir_default=''
docdir='${datarootdir}/doc/${PACKAGE_TARNAME}'
dvidir='${docdir}'
exec_prefix='NONE'
host_alias=''
htmldir='${docdir}'
includedir='${prefix}/include'
infodir='${datarootdir}/info'
infodir_default=''
libdir='${exec_prefix}/lib'
libexecdir='${exec_prefix}/libexec'
lispdir=''
lispdir_default=''
localedir='${datarootdir}/locale'
localstatedir='${prefix}/var'
mandir='${datarootdir}/man'
oldincludedir='/usr/include'
pdfdir='${docdir}'
prefix='NONE'
prefix_default=''
program_transform_name='s,x,x,'
psdir='${docdir}'
sbindir='${exec_prefix}/sbin'
sharedstatedir='${prefix}/com'
sysconfdir='${prefix}/etc'
target_alias=''

## ----------- ##
## confdefs.h. ##
## ----------- ##

#define PACKAGE_NAME "Tramp"
#define PACKAGE_TARNAME "tramp"
#define PACKAGE_VERSION "2.1.17"
#define PACKAGE_STRING "Tramp 2.1.17"
#define PACKAGE_BUGREPORT "tramp-devel@gnu.org"

configure: exit 1
